<?xml version="1.0" encoding="UTF-8"?>
<testsuite name="com.fetch.receiptprocessor.serviceTests.ReceiptServiceTests" tests="2" skipped="0" failures="0" errors="0" timestamp="2023-09-28T14:51:05" hostname="JMDEVELOPER" time="0.324">
  <properties/>
  <testcase name="testProcessReceipt()" classname="com.fetch.receiptprocessor.serviceTests.ReceiptServiceTests" time="0.314"/>
  <testcase name="testGetPoints()" classname="com.fetch.receiptprocessor.serviceTests.ReceiptServiceTests" time="0.008"/>
  <system-out><![CDATA[]]></system-out>
  <system-err><![CDATA[]]></system-err>
</testsuite>
