<?xml version="1.0" encoding="UTF-8"?>
<testsuite name="com.fetch.receiptprocessor.controllerTests.ReceiptControllerTests" tests="4" skipped="0" failures="0" errors="0" timestamp="2023-09-28T14:51:05" hostname="JMDEVELOPER" time="0.585">
  <properties/>
  <testcase name="testGetPoints_WithInvalidId()" classname="com.fetch.receiptprocessor.controllerTests.ReceiptControllerTests" time="0.274"/>
  <testcase name="testProcessReceipt_WithInvalidReceipt()" classname="com.fetch.receiptprocessor.controllerTests.ReceiptControllerTests" time="0.146"/>
  <testcase name="testGetPoints_WithValidId()" classname="com.fetch.receiptprocessor.controllerTests.ReceiptControllerTests" time="0.15"/>
  <testcase name="testProcessReceipt_WithValidReceipt()" classname="com.fetch.receiptprocessor.controllerTests.ReceiptControllerTests" time="0.008"/>
  <system-out><![CDATA[2023-09-28T09:51:04.637-05:00  INFO 27680 --- [    Test worker] t.c.s.AnnotationConfigContextLoaderUtils : Could not detect default configuration classes for test class [com.fetch.receiptprocessor.controllerTests.ReceiptControllerTests]: ReceiptControllerTests does not declare any static, non-private, non-final, nested classes annotated with @Configuration.
2023-09-28T09:51:04.653-05:00  INFO 27680 --- [    Test worker] .b.t.c.SpringBootTestContextBootstrapper : Found @SpringBootConfiguration com.fetch.receiptprocessor.ReceiptProcessorApplication for test class com.fetch.receiptprocessor.controllerTests.ReceiptControllerTests

  .   ____          _            __ _ _
 /\\ / ___'_ __ _ _(_)_ __  __ _ \ \ \ \
( ( )\___ | '_ | '_| | '_ \/ _` | \ \ \ \
 \\/  ___)| |_)| | | | | || (_| |  ) ) ) )
  '  |____| .__|_| |_|_| |_\__, | / / / /
 =========|_|==============|___/=/_/_/_/
 :: Spring Boot ::                (v3.1.4)

2023-09-28T09:51:04.672-05:00  INFO 27680 --- [    Test worker] c.f.r.c.ReceiptControllerTests           : Starting ReceiptControllerTests using Java 17.0.8 with PID 27680 (started by jmori in C:\Users\jmori\Projects\receipt-processor)
2023-09-28T09:51:04.672-05:00  INFO 27680 --- [    Test worker] c.f.r.c.ReceiptControllerTests           : No active profile set, falling back to 1 default profile: "default"
2023-09-28T09:51:05.030-05:00  INFO 27680 --- [    Test worker] o.s.b.t.m.w.SpringBootMockServletContext : Initializing Spring TestDispatcherServlet ''
2023-09-28T09:51:05.030-05:00  INFO 27680 --- [    Test worker] o.s.t.web.servlet.TestDispatcherServlet  : Initializing Servlet ''
2023-09-28T09:51:05.035-05:00  INFO 27680 --- [    Test worker] o.s.t.web.servlet.TestDispatcherServlet  : Completed initialization in 1 ms
2023-09-28T09:51:05.048-05:00  INFO 27680 --- [    Test worker] c.f.r.c.ReceiptControllerTests           : Started ReceiptControllerTests in 0.391 seconds (process running for 3.126)
]]></system-out>
  <system-err><![CDATA[]]></system-err>
</testsuite>
